app/build/intermediates/manifest_merge_blame_file/debug/manifest-merger-blame-debug-report.txt
1<?xml version="1.0" encoding="utf-8"?>
2<manifest xmlns:android="http://schemas.android.com/apk/res/android"
3    package="engineer.davidauza"
4    android:versionCode="1"
5    android:versionName="1.0" >
6
7    <uses-sdk
8        android:minSdkVersion="15"
8-->src/main/AndroidManifest.xml
9        android:targetSdkVersion="28" />
9-->src/main/AndroidManifest.xml
10
11    <uses-permission android:name="android.permission.INTERNET" />
11-->[com.google.firebase:firebase-measurement-connector-impl:16.0.1] AndroidManifest.xml:22:5-67
11-->[com.google.firebase:firebase-measurement-connector-impl:16.0.1] AndroidManifest.xml:22:22-64
12    <uses-permission android:name="android.permission.ACCESS_NETWORK_STATE" />
12-->[com.google.firebase:firebase-measurement-connector-impl:16.0.1] AndroidManifest.xml:23:5-79
12-->[com.google.firebase:firebase-measurement-connector-impl:16.0.1] AndroidManifest.xml:23:22-76
13    <uses-permission android:name="android.permission.WAKE_LOCK" />
13-->[com.google.firebase:firebase-measurement-connector-impl:16.0.1] AndroidManifest.xml:24:5-68
13-->[com.google.firebase:firebase-measurement-connector-impl:16.0.1] AndroidManifest.xml:24:22-65
14    <uses-permission android:name="com.google.android.finsky.permission.BIND_GET_INSTALL_REFERRER_SERVICE" /> <!-- Required by older versions of Google Play services to create IID tokens -->
14-->[com.google.firebase:firebase-analytics:16.0.1] AndroidManifest.xml:26:5-110
14-->[com.google.firebase:firebase-analytics:16.0.1] AndroidManifest.xml:26:22-107
15    <uses-permission android:name="com.google.android.c2dm.permission.RECEIVE" />
15-->[com.google.firebase:firebase-iid:16.0.0] AndroidManifest.xml:26:5-82
15-->[com.google.firebase:firebase-iid:16.0.0] AndroidManifest.xml:26:22-79
16
17    <permission
17-->[com.google.firebase:firebase-iid:16.0.0] AndroidManifest.xml:28:5-30:47
18        android:name="engineer.davidauza.permission.C2D_MESSAGE"
18-->[com.google.firebase:firebase-iid:16.0.0] AndroidManifest.xml:29:9-63
19        android:protectionLevel="signature" />
19-->[com.google.firebase:firebase-iid:16.0.0] AndroidManifest.xml:30:9-44
20
21    <uses-permission android:name="engineer.davidauza.permission.C2D_MESSAGE" />
21-->[com.google.firebase:firebase-iid:16.0.0] AndroidManifest.xml:32:5-79
21-->[com.google.firebase:firebase-iid:16.0.0] AndroidManifest.xml:32:22-76
22
23    <application
23-->src/main/AndroidManifest.xml:5:5-20:19
24        android:allowBackup="true"
24-->src/main/AndroidManifest.xml:6:9-35
25        android:appComponentFactory="android.support.v4.app.CoreComponentFactory"
25-->[com.android.support:support-compat:28.0.0] AndroidManifest.xml:22:18-91
26        android:debuggable="true"
27        android:icon="@mipmap/ic_launcher"
27-->src/main/AndroidManifest.xml:7:9-43
28        android:label="@string/app_name"
28-->src/main/AndroidManifest.xml:8:9-41
29        android:roundIcon="@mipmap/ic_launcher_round"
29-->src/main/AndroidManifest.xml:9:9-54
30        android:supportsRtl="true"
30-->src/main/AndroidManifest.xml:10:9-35
31        android:testOnly="true"
32        android:theme="@style/AppTheme" >
32-->src/main/AndroidManifest.xml:11:9-40
33        <activity android:name="engineer.davidauza.Perfil" />
33-->src/main/AndroidManifest.xml:12:9-53
33-->src/main/AndroidManifest.xml:12:19-41
34        <activity android:name="engineer.davidauza.MainActivity" >
34-->src/main/AndroidManifest.xml:13:9-19:20
34-->src/main/AndroidManifest.xml:13:19-47
35            <intent-filter>
35-->src/main/AndroidManifest.xml:14:13-18:29
36                <action android:name="android.intent.action.MAIN" />
36-->src/main/AndroidManifest.xml:15:17-69
36-->src/main/AndroidManifest.xml:15:25-66
37
38                <category android:name="android.intent.category.LAUNCHER" />
38-->src/main/AndroidManifest.xml:17:17-77
38-->src/main/AndroidManifest.xml:17:27-74
39            </intent-filter>
40        </activity>
41
42        <service android:name="com.google.firebase.components.ComponentDiscoveryService" >
42-->[com.google.firebase:firebase-measurement-connector-impl:16.0.1] AndroidManifest.xml:27:9-31:19
42-->[com.google.firebase:firebase-measurement-connector-impl:16.0.1] AndroidManifest.xml:27:18-89
43            <meta-data
43-->[com.google.firebase:firebase-measurement-connector-impl:16.0.1] AndroidManifest.xml:28:13-30:85
44                android:name="com.google.firebase.components:com.google.firebase.analytics.connector.internal.AnalyticsConnectorRegistrar"
44-->[com.google.firebase:firebase-measurement-connector-impl:16.0.1] AndroidManifest.xml:29:17-139
45                android:value="com.google.firebase.components.ComponentRegistrar" />
45-->[com.google.firebase:firebase-measurement-connector-impl:16.0.1] AndroidManifest.xml:30:17-82
46            <meta-data
46-->[com.google.firebase:firebase-iid:16.0.0] AndroidManifest.xml:36:13-38:85
47                android:name="com.google.firebase.components:com.google.firebase.iid.Registrar"
47-->[com.google.firebase:firebase-iid:16.0.0] AndroidManifest.xml:37:17-96
48                android:value="com.google.firebase.components.ComponentRegistrar" />
48-->[com.google.firebase:firebase-iid:16.0.0] AndroidManifest.xml:38:17-82
49        </service>
50
51        <receiver
51-->[com.google.firebase:firebase-analytics:16.0.1] AndroidManifest.xml:29:9-33:20
52            android:name="com.google.android.gms.measurement.AppMeasurementReceiver"
52-->[com.google.firebase:firebase-analytics:16.0.1] AndroidManifest.xml:30:13-85
53            android:enabled="true"
53-->[com.google.firebase:firebase-analytics:16.0.1] AndroidManifest.xml:31:13-35
54            android:exported="false" >
54-->[com.google.firebase:firebase-analytics:16.0.1] AndroidManifest.xml:32:13-37
55        </receiver>
56        <receiver
56-->[com.google.firebase:firebase-analytics:16.0.1] AndroidManifest.xml:34:9-42:20
57            android:name="com.google.android.gms.measurement.AppMeasurementInstallReferrerReceiver"
57-->[com.google.firebase:firebase-analytics:16.0.1] AndroidManifest.xml:35:13-100
58            android:enabled="true"
58-->[com.google.firebase:firebase-analytics:16.0.1] AndroidManifest.xml:36:13-35
59            android:exported="true"
59-->[com.google.firebase:firebase-analytics:16.0.1] AndroidManifest.xml:37:13-36
60            android:permission="android.permission.INSTALL_PACKAGES" >
60-->[com.google.firebase:firebase-analytics:16.0.1] AndroidManifest.xml:38:13-69
61            <intent-filter>
61-->[com.google.firebase:firebase-analytics:16.0.1] AndroidManifest.xml:39:13-41:29
62                <action android:name="com.android.vending.INSTALL_REFERRER" />
62-->[com.google.firebase:firebase-analytics:16.0.1] AndroidManifest.xml:40:17-79
62-->[com.google.firebase:firebase-analytics:16.0.1] AndroidManifest.xml:40:25-76
63            </intent-filter>
64        </receiver>
65
66        <service
66-->[com.google.firebase:firebase-analytics:16.0.1] AndroidManifest.xml:44:9-47:40
67            android:name="com.google.android.gms.measurement.AppMeasurementService"
67-->[com.google.firebase:firebase-analytics:16.0.1] AndroidManifest.xml:45:13-84
68            android:enabled="true"
68-->[com.google.firebase:firebase-analytics:16.0.1] AndroidManifest.xml:46:13-35
69            android:exported="false" />
69-->[com.google.firebase:firebase-analytics:16.0.1] AndroidManifest.xml:47:13-37
70        <service
70-->[com.google.firebase:firebase-analytics:16.0.1] AndroidManifest.xml:48:9-52:72
71            android:name="com.google.android.gms.measurement.AppMeasurementJobService"
71-->[com.google.firebase:firebase-analytics:16.0.1] AndroidManifest.xml:49:13-87
72            android:enabled="true"
72-->[com.google.firebase:firebase-analytics:16.0.1] AndroidManifest.xml:50:13-35
73            android:exported="false"
73-->[com.google.firebase:firebase-analytics:16.0.1] AndroidManifest.xml:51:13-37
74            android:permission="android.permission.BIND_JOB_SERVICE" />
74-->[com.google.firebase:firebase-analytics:16.0.1] AndroidManifest.xml:52:13-69
75
76        <receiver
76-->[com.google.firebase:firebase-iid:16.0.0] AndroidManifest.xml:41:9-50:20
77            android:name="com.google.firebase.iid.FirebaseInstanceIdReceiver"
77-->[com.google.firebase:firebase-iid:16.0.0] AndroidManifest.xml:42:13-78
78            android:exported="true"
78-->[com.google.firebase:firebase-iid:16.0.0] AndroidManifest.xml:43:13-36
79            android:permission="com.google.android.c2dm.permission.SEND" >
79-->[com.google.firebase:firebase-iid:16.0.0] AndroidManifest.xml:44:13-73
80            <intent-filter>
80-->[com.google.firebase:firebase-iid:16.0.0] AndroidManifest.xml:45:13-49:29
81                <action android:name="com.google.android.c2dm.intent.RECEIVE" />
81-->[com.google.firebase:firebase-iid:16.0.0] AndroidManifest.xml:46:17-81
81-->[com.google.firebase:firebase-iid:16.0.0] AndroidManifest.xml:46:25-78
82
83                <category android:name="engineer.davidauza" />
83-->[com.google.firebase:firebase-iid:16.0.0] AndroidManifest.xml:48:17-61
83-->[com.google.firebase:firebase-iid:16.0.0] AndroidManifest.xml:48:27-58
84            </intent-filter>
85        </receiver>
86        <!--
87             FirebaseInstanceIdService performs security checks at runtime,
88             no need for explicit permissions despite exported="true"
89        -->
90        <service
90-->[com.google.firebase:firebase-iid:16.0.0] AndroidManifest.xml:56:9-62:19
91            android:name="com.google.firebase.iid.FirebaseInstanceIdService"
91-->[com.google.firebase:firebase-iid:16.0.0] AndroidManifest.xml:57:13-77
92            android:exported="true" >
92-->[com.google.firebase:firebase-iid:16.0.0] AndroidManifest.xml:58:13-36
93            <intent-filter android:priority="-500" >
93-->[com.google.firebase:firebase-iid:16.0.0] AndroidManifest.xml:59:13-61:29
93-->[com.google.firebase:firebase-iid:16.0.0] AndroidManifest.xml:59:28-51
94                <action android:name="com.google.firebase.INSTANCE_ID_EVENT" />
94-->[com.google.firebase:firebase-iid:16.0.0] AndroidManifest.xml:60:17-80
94-->[com.google.firebase:firebase-iid:16.0.0] AndroidManifest.xml:60:25-77
95            </intent-filter>
96        </service>
97
98        <provider
98-->[com.google.firebase:firebase-common:16.0.0] AndroidManifest.xml:9:9-13:39
99            android:name="com.google.firebase.provider.FirebaseInitProvider"
99-->[com.google.firebase:firebase-common:16.0.0] AndroidManifest.xml:10:13-77
100            android:authorities="engineer.davidauza.firebaseinitprovider"
100-->[com.google.firebase:firebase-common:16.0.0] AndroidManifest.xml:11:13-72
101            android:exported="false"
101-->[com.google.firebase:firebase-common:16.0.0] AndroidManifest.xml:12:13-37
102            android:initOrder="100" />
102-->[com.google.firebase:firebase-common:16.0.0] AndroidManifest.xml:13:13-36
103
104        <activity
104-->[com.google.android.gms:play-services-base:15.0.1] AndroidManifest.xml:23:9-26:75
105            android:name="com.google.android.gms.common.api.GoogleApiActivity"
105-->[com.google.android.gms:play-services-base:15.0.1] AndroidManifest.xml:24:13-79
106            android:exported="false"
106-->[com.google.android.gms:play-services-base:15.0.1] AndroidManifest.xml:25:13-37
107            android:theme="@android:style/Theme.Translucent.NoTitleBar" />
107-->[com.google.android.gms:play-services-base:15.0.1] AndroidManifest.xml:26:13-72
108
109        <meta-data
109-->[com.google.android.gms:play-services-basement:15.0.1] AndroidManifest.xml:23:9-25:69
110            android:name="com.google.android.gms.version"
110-->[com.google.android.gms:play-services-basement:15.0.1] AndroidManifest.xml:24:13-58
111            android:value="@integer/google_play_services_version" />
111-->[com.google.android.gms:play-services-basement:15.0.1] AndroidManifest.xml:25:13-66
112        <meta-data
112-->[com.android.support:support-v4:26.1.0] AndroidManifest.xml:26:9-28:38
113            android:name="android.support.VERSION"
113-->[com.android.support:support-v4:26.1.0] AndroidManifest.xml:27:13-51
114            android:value="26.1.0" />
114-->[com.android.support:support-v4:26.1.0] AndroidManifest.xml:28:13-35
115    </application>
116
117</manifest>